<?xml version="1.0" encoding="UTF-8"?>
<!-- Generated by org.testng.reporters.JUnitReportReporter -->
<testsuite hostname="DESKTOP-1CADQT5" failures="0" tests="1" name="b6.testcases.TestAnnotations" time="0.026" errors="0" timestamp="2023-08-09T09:26:12 IST" skipped="0">
  <testcase classname="b6.testcases.TestAnnotations" name="test" time="0.026"/>
</testsuite> <!-- b6.testcases.TestAnnotations -->
