<?xml version="1.0" encoding="UTF-8"?>
<!-- Generated by org.testng.reporters.JUnitReportReporter -->
<testsuite hostname="DESKTOP-1CADQT5" failures="0" tests="3" name="b6.testcases.TestngPriority" time="0.024" errors="0" timestamp="2023-08-09T23:54:48 IST" skipped="0">
  <testcase classname="b6.testcases.TestngPriority" name="cd" time="0.018"/>
  <testcase classname="b6.testcases.TestngPriority" name="ef" time="0.003"/>
  <testcase classname="b6.testcases.TestngPriority" name="test1" time="0.003"/>
</testsuite> <!-- b6.testcases.TestngPriority -->
