<?xml version="1.0" encoding="UTF-8"?>
<!-- Generated by org.testng.reporters.JUnitReportReporter -->
<testsuite hostname="DESKTOP-1CADQT5" failures="0" tests="1" name="omayo.testcases.VerifyMultiSelectFunctionlityOfDropDown" time="25.368" errors="0" timestamp="2023-08-13T00:08:46 IST" skipped="0">
  <testcase classname="omayo.testcases.VerifyMultiSelectFunctionlityOfDropDown" name="verifyMultiSelectFunctionlityOfDropDown" time="25.368"/>
</testsuite> <!-- omayo.testcases.VerifyMultiSelectFunctionlityOfDropDown -->
