<?xml version="1.0" encoding="UTF-8"?>
<!-- Generated by org.testng.reporters.JUnitReportReporter -->
<testsuite hostname="DESKTOP-1CADQT5" failures="0" tests="1" name="b6.testcases.TestCases" time="54.243" errors="0" timestamp="2023-08-08T23:28:11 IST" skipped="0">
  <testcase classname="b6.testcases.TestCases" name="verifypagetitle" time="54.243"/>
</testsuite> <!-- b6.testcases.TestCases -->
